Logging to logs\output20260425_145857.log
The parent element this slot belongs to has been deleted.
Traceback (most recent call last):
  File "D:\P\StoryCanvas\.venv\Lib\site-packages\nicegui\events.py", line 469, in handle_event
    result = cast(Callable[[], Any], handler)()
  File "D:\P\StoryCanvas\src\gui.py", line 194, in <lambda>
    ui.button('Save', on_click=lambda: self.save_new_actor(dialog, form_data))
                                       ~~~~~~~~~~~~~~~~~~~^^^^^^^^^^^^^^^^^^^
  File "D:\P\StoryCanvas\src\gui.py", line 224, in save_new_actor
    ui.notify(f"Actor '{name}' added!")
    ~~~~~~~~~^^^^^^^^^^^^^^^^^^^^^^^^^^
  File "D:\P\StoryCanvas\.venv\Lib\site-packages\nicegui\functions\notify.py", line 52, in notify
    client = context.client
             ^^^^^^^^^^^^^^
  File "D:\P\StoryCanvas\.venv\Lib\site-packages\nicegui\context.py", line 41, in client
    return self.slot.parent.client
           ^^^^^^^^^^^^^^^^
  File "D:\P\StoryCanvas\.venv\Lib\site-packages\nicegui\slot.py", line 31, in parent
    raise RuntimeError('The parent element this slot belongs to has been deleted.')
RuntimeError: The parent element this slot belongs to has been deleted.

During handling of the above exception, another exception occurred:

Traceback (most recent call last):
  File "D:\P\StoryCanvas\.venv\Lib\site-packages\nicegui\events.py", line 467, in handle_event
    result = cast(Callable[[EventT], Any], handler)(arguments)
  File "D:\P\StoryCanvas\.venv\Lib\site-packages\nicegui\elements\button.py", line 43, in <lambda>
    self.on('click', lambda _: handle_event(callback, ClickEventArguments(sender=self, client=self.client)), [])
                               ~~~~~~~~~~~~^^^^^^^^^^^^^^^^^^^^^^^^^^^^^^^^^^^^^^^^^^^^^^^^^^^^^^^^^^^^^^^^
  File "D:\P\StoryCanvas\.venv\Lib\site-packages\nicegui\events.py", line 473, in handle_event
    core.app.handle_exception(e)
    ~~~~~~~~~~~~~~~~~~~~~~~~~^^^
  File "D:\P\StoryCanvas\.venv\Lib\site-packages\nicegui\app\app.py", line 157, in handle_exception
    if context.slot_stack and context.client is not None:
                              ^^^^^^^^^^^^^^
  File "D:\P\StoryCanvas\.venv\Lib\site-packages\nicegui\context.py", line 41, in client
    return self.slot.parent.client
           ^^^^^^^^^^^^^^^^
  File "D:\P\StoryCanvas\.venv\Lib\site-packages\nicegui\slot.py", line 31, in parent
    raise RuntimeError('The parent element this slot belongs to has been deleted.')
RuntimeError: The parent element this slot belongs to has been deleted.
'window.startDrag("53", "0c1fdb46-0c85-4c9b-8e3d-8caef886150b")' is not a callable object
Traceback (most recent call last):
  File "D:\P\StoryCanvas\.venv\Lib\site-packages\nicegui\events.py", line 466, in handle_event
    if helpers.expects_arguments(handler):
       ~~~~~~~~~~~~~~~~~~~~~~~~~^^^^^^^^^
  File "D:\P\StoryCanvas\.venv\Lib\site-packages\nicegui\helpers\functions.py", line 36, in expects_arguments
    for p in signature(func).parameters.values())
             ~~~~~~~~~^^^^^^
  File "C:\Users\pepsa\AppData\Local\Python\pythoncore-3.14-64\Lib\inspect.py", line 3322, in signature
    return Signature.from_callable(obj, follow_wrapped=follow_wrapped,
           ~~~~~~~~~~~~~~~~~~~~~~~^^^^^^^^^^^^^^^^^^^^^^^^^^^^^^^^^^^^
                                   globals=globals, locals=locals, eval_str=eval_str,
                                   ^^^^^^^^^^^^^^^^^^^^^^^^^^^^^^^^^^^^^^^^^^^^^^^^^^
                                   annotation_format=annotation_format)
                                   ^^^^^^^^^^^^^^^^^^^^^^^^^^^^^^^^^^^^
  File "C:\Users\pepsa\AppData\Local\Python\pythoncore-3.14-64\Lib\inspect.py", line 3037, in from_callable
    return _signature_from_callable(obj, sigcls=cls,
                                    follow_wrapper_chains=follow_wrapped,
                                    globals=globals, locals=locals, eval_str=eval_str,
                                    annotation_format=annotation_format)
  File "C:\Users\pepsa\AppData\Local\Python\pythoncore-3.14-64\Lib\inspect.py", line 2436, in _signature_from_callable
    raise TypeError('{!r} is not a callable object'.format(obj))
TypeError: 'window.startDrag("53", "0c1fdb46-0c85-4c9b-8e3d-8caef886150b")' is not a callable object
'window.startDrag("53", "0c1fdb46-0c85-4c9b-8e3d-8caef886150b")' is not a callable object
Traceback (most recent call last):
  File "D:\P\StoryCanvas\.venv\Lib\site-packages\nicegui\events.py", line 466, in handle_event
    if helpers.expects_arguments(handler):
       ~~~~~~~~~~~~~~~~~~~~~~~~~^^^^^^^^^
  File "D:\P\StoryCanvas\.venv\Lib\site-packages\nicegui\helpers\functions.py", line 36, in expects_arguments
    for p in signature(func).parameters.values())
             ~~~~~~~~~^^^^^^
  File "C:\Users\pepsa\AppData\Local\Python\pythoncore-3.14-64\Lib\inspect.py", line 3322, in signature
    return Signature.from_callable(obj, follow_wrapped=follow_wrapped,
           ~~~~~~~~~~~~~~~~~~~~~~~^^^^^^^^^^^^^^^^^^^^^^^^^^^^^^^^^^^^
                                   globals=globals, locals=locals, eval_str=eval_str,
                                   ^^^^^^^^^^^^^^^^^^^^^^^^^^^^^^^^^^^^^^^^^^^^^^^^^^
                                   annotation_format=annotation_format)
                                   ^^^^^^^^^^^^^^^^^^^^^^^^^^^^^^^^^^^^
  File "C:\Users\pepsa\AppData\Local\Python\pythoncore-3.14-64\Lib\inspect.py", line 3037, in from_callable
    return _signature_from_callable(obj, sigcls=cls,
                                    follow_wrapper_chains=follow_wrapped,
                                    globals=globals, locals=locals, eval_str=eval_str,
                                    annotation_format=annotation_format)
  File "C:\Users\pepsa\AppData\Local\Python\pythoncore-3.14-64\Lib\inspect.py", line 2436, in _signature_from_callable
    raise TypeError('{!r} is not a callable object'.format(obj))
TypeError: 'window.startDrag("53", "0c1fdb46-0c85-4c9b-8e3d-8caef886150b")' is not a callable object
Traceback (most recent call last):
  File "C:\Users\pepsa\AppData\Local\Python\pythoncore-3.14-64\Lib\asyncio\runners.py", line 127, in run
    return self._loop.run_until_complete(task)
           ~~~~~~~~~~~~~~~~~~~~~~~~~~~~~^^^^^^
  File "C:\Users\pepsa\AppData\Local\Python\pythoncore-3.14-64\Lib\asyncio\base_events.py", line 719, in run_until_complete
    return future.result()
           ~~~~~~~~~~~~~^^
asyncio.exceptions.CancelledError

During handling of the above exception, another exception occurred:

Traceback (most recent call last):
  File "D:\P\StoryCanvas\StoryCanvas.py", line 64, in <module>
    main()
    ~~~~^^
  File "D:\P\StoryCanvas\StoryCanvas.py", line 61, in main
    run_gui()
    ~~~~~~~^^
  File "D:\P\StoryCanvas\src\gui.py", line 230, in run_gui
    ui.run(title="StoryCanvas", port=8080, show=True, reload=False)
    ~~~~~~^^^^^^^^^^^^^^^^^^^^^^^^^^^^^^^^^^^^^^^^^^^^^^^^^^^^^^^^^
  File "D:\P\StoryCanvas\.venv\Lib\site-packages\nicegui\ui_run.py", line 310, in run
    Server.instance.run()
    ~~~~~~~~~~~~~~~~~~~^^
  File "D:\P\StoryCanvas\.venv\Lib\site-packages\nicegui\server.py", line 45, in run
    super().run(sockets=sockets)
    ~~~~~~~~~~~^^^^^^^^^^^^^^^^^
  File "D:\P\StoryCanvas\.venv\Lib\site-packages\uvicorn\server.py", line 75, in run
    return asyncio_run(self.serve(sockets=sockets), loop_factory=self.config.get_loop_factory())
  File "C:\Users\pepsa\AppData\Local\Python\pythoncore-3.14-64\Lib\asyncio\runners.py", line 204, in run
    return runner.run(main)
           ~~~~~~~~~~^^^^^^
  File "C:\Users\pepsa\AppData\Local\Python\pythoncore-3.14-64\Lib\asyncio\runners.py", line 132, in run
    raise KeyboardInterrupt()
KeyboardInterrupt
